#
# There is insufficient memory for the Java Runtime Environment to continue.
# Native memory allocation (mmap) failed to map 132120576 bytes for G1 virtual space
# Possible reasons:
#   The system is out of physical RAM or swap space
#   The process is running with CompressedOops enabled, and the Java Heap may be blocking the growth of the native heap
# Possible solutions:
#   Reduce memory load on the system
#   Increase physical memory or swap space
#   Check if swap backing store is full
#   Decrease Java heap size (-Xmx/-Xms)
#   Decrease number of Java threads
#   Decrease Java thread stack sizes (-Xss)
#   Set larger code cache with -XX:ReservedCodeCacheSize=
#   JVM is running with Unscaled Compressed Oops mode in which the Java heap is
#     placed in the first 4GB address space. The Java Heap base address is the
#     maximum limit for the native heap growth. Please use -XX:HeapBaseMinAddress
#     to set the Java Heap base and to place the Java Heap above 4GB virtual address.
# This output file may be truncated or incomplete.
#
#  Out of Memory Error (./open/src/hotspot/os/windows/os_windows.cpp:3321), pid=12804, tid=17056
#
# JRE version:  (15.0.2+7) (build )
# Java VM: OpenJDK 64-Bit Server VM (15.0.2+7-27, mixed mode, sharing, tiered, compressed oops, g1 gc, windows-amd64)
# No core dump will be written. Minidumps are not enabled by default on client versions of Windows
#

---------------  S U M M A R Y ------------

Command Line: -Dfile.encoding=UTF-8 -XX:+ShowCodeDetailsInExceptionMessages lab_2.Main

Host: Intel(R) Core(TM) i3-3120M CPU @ 2.50GHz, 4 cores, 7G,  Windows 10 , 64 bit Build 19041 (10.0.19041.1889)
Time: Wed Oct 12 12:05:43 2022 Фінляндія (літо) elapsed time: 0.072785 seconds (0d 0h 0m 0s)

---------------  T H R E A D  ---------------

Current thread (0x000001a7402816f0):  JavaThread "Unknown thread" [_thread_in_vm, id=17056, stack(0x0000003892400000,0x0000003892500000)]

Stack: [0x0000003892400000,0x0000003892500000]
Native frames: (J=compiled Java code, j=interpreted, Vv=VM code, C=native code)
V  [jvm.dll+0x62ae9a]
V  [jvm.dll+0x7817a9]
V  [jvm.dll+0x782f03]
V  [jvm.dll+0x783563]
V  [jvm.dll+0x216325]
V  [jvm.dll+0x6281d9]
V  [jvm.dll+0x61cf55]
V  [jvm.dll+0x2cffdd]
V  [jvm.dll+0x2cfe42]
V  [jvm.dll+0x2d5e1c]
V  [jvm.dll+0x32590a]
V  [jvm.dll+0x324fd4]
V  [jvm.dll+0x2a6f5a]
V  [jvm.dll+0x2a80f8]
V  [jvm.dll+0x75e241]
V  [jvm.dll+0x3341c4]
V  [jvm.dll+0x73e926]
V  [jvm.dll+0x3b7557]
V  [jvm.dll+0x3b8fe1]
C  [jli.dll+0x52fb]
C  [ucrtbase.dll+0x21bb2]
C  [KERNEL32.DLL+0x17034]
C  [ntdll.dll+0x526a1]


---------------  P R O C E S S  ---------------

Threads class SMR info:
_java_thread_list=0x00007ffbb0d04ff0, length=0, elements={
}

Java Threads: ( => current thread )

Other Threads:
  0x000001a7402c1a00 GCTaskThread "GC Thread#0" [stack: 0x0000003892500000,0x0000003892600000] [id=7584]
  0x000001a7402d2e80 ConcurrentGCThread "G1 Main Marker" [stack: 0x0000003892600000,0x0000003892700000] [id=15804]
  0x000001a7402d4990 ConcurrentGCThread "G1 Conc#0" [stack: 0x0000003892700000,0x0000003892800000] [id=704]

[error occurred during error reporting (printing all threads), id 0xc0000005, EXCEPTION_ACCESS_VIOLATION (0xc0000005) at pc=0x00007ffbb04f7e27]

VM state: not at safepoint (not fully initialized)

VM Mutex/Monitor currently owned by a thread:  ([mutex/lock_event])
[0x000001a74027e330] Heap_lock - owner thread: 0x000001a7402816f0

Heap address: 0x0000000082800000, size: 2008 MB, Compressed Oops mode: 32-bit
CDS archive(s) mapped at: [0x0000000000000000-0x0000000000000000-0x0000000000000000), size 0, SharedBaseAddress: 0x0000000800000000, ArchiveRelocationMode: 0.
Narrow klass base: 0x0000000000000000, Narrow klass shift: 0, Narrow klass range: 0x0

Heap:
 garbage-first heap   total 129024K, used 0K [0x0000000082800000, 0x0000000100000000)
  region size 1024K, 0 young (0K), 0 survivors (0K)
 Metaspace       used 0K, capacity 0K, committed 0K, reserved 0K
  class space    used 0K, capacity 0K, committed 0K, reserved 0K

Heap Regions: E=young(eden), S=young(survivor), O=old, HS=humongous(starts), HC=humongous(continues), CS=collection set, F=free, OA=open archive, CA=closed archive, TAMS=top-at-mark-start (previous, next)

Card table byte_map: [0x000001a753090000,0x000001a753480000] _byte_map_base: 0x000001a752c7c000

Marking Bits (Prev, Next): (CMBitMap*) 0x000001a7402c2180, (CMBitMap*) 0x000001a7402c21c0
 Prev Bits: [0x000001a753870000, 0x000001a7557d0000)
 Next Bits: [0x000001a7557d0000, 0x000001a757730000)

GC Heap History (0 events):
No events

Deoptimization events (0 events):
No events

Classes unloaded (0 events):
No events

Classes redefined (0 events):
No events

Internal exceptions (0 events):
No events

Events (1 events):
Event: 0.019 Loaded shared library C:\Users\YArik\.p2\pool\plugins\org.eclipse.justj.openjdk.hotspot.jre.full.win32.x86_64_15.0.2.v20210201-0955\jre\bin\java.dll


Dynamic libraries:
0x00007ff729860000 - 0x00007ff72986d000 	C:\Users\YArik\.p2\pool\plugins\org.eclipse.justj.openjdk.hotspot.jre.full.win32.x86_64_15.0.2.v20210201-0955\jre\bin\javaw.exe
0x00007ffc1d330000 - 0x00007ffc1d528000 	C:\WINDOWS\SYSTEM32\ntdll.dll
0x00007ffc1bb40000 - 0x00007ffc1bbfd000 	C:\WINDOWS\System32\KERNEL32.DLL
0x00007ffc1ab90000 - 0x00007ffc1ae5e000 	C:\WINDOWS\System32\KERNELBASE.dll
0x00007ffc1b180000 - 0x00007ffc1b280000 	C:\WINDOWS\System32\ucrtbase.dll
0x00007ffc14660000 - 0x00007ffc14678000 	C:\Users\YArik\.p2\pool\plugins\org.eclipse.justj.openjdk.hotspot.jre.full.win32.x86_64_15.0.2.v20210201-0955\jre\bin\jli.dll
0x00007ffc1bc00000 - 0x00007ffc1bda0000 	C:\WINDOWS\System32\USER32.dll
0x00007ffc1b150000 - 0x00007ffc1b172000 	C:\WINDOWS\System32\win32u.dll
0x00007ffc1be80000 - 0x00007ffc1beaa000 	C:\WINDOWS\System32\GDI32.dll
0x00007ffc1b280000 - 0x00007ffc1b38b000 	C:\WINDOWS\System32\gdi32full.dll
0x00007ffc1aac0000 - 0x00007ffc1ab5d000 	C:\WINDOWS\System32\msvcp_win.dll
0x00007ffc08af0000 - 0x00007ffc08b09000 	C:\Users\YArik\.p2\pool\plugins\org.eclipse.justj.openjdk.hotspot.jre.full.win32.x86_64_15.0.2.v20210201-0955\jre\bin\VCRUNTIME140.dll
0x00007ffc0aaf0000 - 0x00007ffc0ad8a000 	C:\WINDOWS\WinSxS\amd64_microsoft.windows.common-controls_6595b64144ccf1df_6.0.19041.1110_none_60b5254171f9507e\COMCTL32.dll
0x00007ffc1baa0000 - 0x00007ffc1bb3e000 	C:\WINDOWS\System32\msvcrt.dll
0x00007ffc1c040000 - 0x00007ffc1c070000 	C:\WINDOWS\System32\IMM32.DLL
0x00007ffc0b2d0000 - 0x00007ffc0b2dc000 	C:\Users\YArik\.p2\pool\plugins\org.eclipse.justj.openjdk.hotspot.jre.full.win32.x86_64_15.0.2.v20210201-0955\jre\bin\vcruntime140_1.dll
0x00007ffbf9960000 - 0x00007ffbf99f1000 	C:\Users\YArik\.p2\pool\plugins\org.eclipse.justj.openjdk.hotspot.jre.full.win32.x86_64_15.0.2.v20210201-0955\jre\bin\msvcp140.dll
0x00007ffbb0240000 - 0x00007ffbb0d9e000 	C:\Users\YArik\.p2\pool\plugins\org.eclipse.justj.openjdk.hotspot.jre.full.win32.x86_64_15.0.2.v20210201-0955\jre\bin\server\jvm.dll
0x00007ffc1d190000 - 0x00007ffc1d23e000 	C:\WINDOWS\System32\ADVAPI32.dll
0x00007ffc1beb0000 - 0x00007ffc1bf4c000 	C:\WINDOWS\System32\sechost.dll
0x00007ffc1c260000 - 0x00007ffc1c385000 	C:\WINDOWS\System32\RPCRT4.dll
0x00007ffc1c070000 - 0x00007ffc1c078000 	C:\WINDOWS\System32\PSAPI.DLL
0x00007ffc06db0000 - 0x00007ffc06db9000 	C:\WINDOWS\SYSTEM32\WSOCK32.dll
0x00007ffc09ff0000 - 0x00007ffc0a017000 	C:\WINDOWS\SYSTEM32\WINMM.dll
0x00007ffc1d120000 - 0x00007ffc1d18b000 	C:\WINDOWS\System32\WS2_32.dll
0x00007ffc11c00000 - 0x00007ffc11c0a000 	C:\WINDOWS\SYSTEM32\VERSION.dll
0x00007ffc19290000 - 0x00007ffc192a2000 	C:\WINDOWS\SYSTEM32\kernel.appcore.dll
0x00007ffc14890000 - 0x00007ffc1489a000 	C:\Users\YArik\.p2\pool\plugins\org.eclipse.justj.openjdk.hotspot.jre.full.win32.x86_64_15.0.2.v20210201-0955\jre\bin\jimage.dll
0x00007ffc05ab0000 - 0x00007ffc05c94000 	C:\WINDOWS\SYSTEM32\DBGHELP.DLL
0x00007ffc05a80000 - 0x00007ffc05aac000 	C:\WINDOWS\SYSTEM32\dbgcore.DLL
0x00007ffc1af10000 - 0x00007ffc1af92000 	C:\WINDOWS\System32\bcryptPrimitives.dll
0x00007ffbf7f70000 - 0x00007ffbf7f95000 	C:\Users\YArik\.p2\pool\plugins\org.eclipse.justj.openjdk.hotspot.jre.full.win32.x86_64_15.0.2.v20210201-0955\jre\bin\java.dll

dbghelp: loaded successfully - version: 4.0.5 - missing functions: none
symbol engine: initialized successfully - sym options: 0x614 - pdb path: .;C:\Users\YArik\.p2\pool\plugins\org.eclipse.justj.openjdk.hotspot.jre.full.win32.x86_64_15.0.2.v20210201-0955\jre\bin;C:\WINDOWS\SYSTEM32;C:\WINDOWS\WinSxS\amd64_microsoft.windows.common-controls_6595b64144ccf1df_6.0.19041.1110_none_60b5254171f9507e;C:\Users\YArik\.p2\pool\plugins\org.eclipse.justj.openjdk.hotspot.jre.full.win32.x86_64_15.0.2.v20210201-0955\jre\bin\server

VM Arguments:
jvm_args: -Dfile.encoding=UTF-8 -XX:+ShowCodeDetailsInExceptionMessages 
java_command: lab_2.Main
java_class_path (initial): E:\документи\синхронізовані документи\навчання\університет\2-й курс\об'єктно-орієнтоване програмування\lab_2\bin
Launcher Type: SUN_STANDARD

[Global flags]
     intx CICompilerCount                          = 3                                         {product} {ergonomic}
     uint ConcGCThreads                            = 1                                         {product} {ergonomic}
     uint G1ConcRefinementThreads                  = 4                                         {product} {ergonomic}
   size_t G1HeapRegionSize                         = 1048576                                   {product} {ergonomic}
    uintx GCDrainStackTargetSize                   = 64                                        {product} {ergonomic}
   size_t InitialHeapSize                          = 132120576                                 {product} {ergonomic}
   size_t MarkStackSize                            = 4194304                                   {product} {ergonomic}
   size_t MaxHeapSize                              = 2105540608                                {product} {ergonomic}
   size_t MinHeapDeltaBytes                        = 1048576                                   {product} {ergonomic}
   size_t MinHeapSize                              = 8388608                                   {product} {ergonomic}
    uintx NonNMethodCodeHeapSize                   = 5832780                                {pd product} {ergonomic}
    uintx NonProfiledCodeHeapSize                  = 122912730                              {pd product} {ergonomic}
    uintx ProfiledCodeHeapSize                     = 122912730                              {pd product} {ergonomic}
    uintx ReservedCodeCacheSize                    = 251658240                              {pd product} {ergonomic}
     bool SegmentedCodeCache                       = true                                      {product} {ergonomic}
     bool ShowCodeDetailsInExceptionMessages       = true                                   {manageable} {command line}
   size_t SoftMaxHeapSize                          = 2105540608                             {manageable} {ergonomic}
     bool UseCompressedClassPointers               = true                                 {lp64_product} {ergonomic}
     bool UseCompressedOops                        = true                                 {lp64_product} {ergonomic}
     bool UseG1GC                                  = true                                      {product} {ergonomic}
     bool UseLargePagesIndividualAllocation        = false                                  {pd product} {ergonomic}

Logging:
Log output configuration:
 #0: stdout all=warning uptime,level,tags
 #1: stderr all=off uptime,level,tags

Environment Variables:
PATH=C:/Users/YArik/.p2/pool/plugins/org.eclipse.justj.openjdk.hotspot.jre.full.win32.x86_64_15.0.2.v20210201-0955/jre/bin/server;C:/Users/YArik/.p2/pool/plugins/org.eclipse.justj.openjdk.hotspot.jre.full.win32.x86_64_15.0.2.v20210201-0955/jre/bin;E:\NVIDIA CUDA\toolkit\bin;E:\NVIDIA CUDA\toolkit\libnvvp;C:\Users\YArik\AppData\Local\Programs\Python\Python310;C:\Users\YArik\AppData\Local\Programs\Python\Python310\Scripts;D:\CODEBLOCKS\MINGW\BIN;C:\PROGRAM FILES (X86)\COMMON FILES\ORACLE\JAVA\JAVAPATH;C:\MINGW\LIBEXEC\GCC\X86_64-W64-MINGW32\7.2.0;E:\GCC\BIN;E:\GCC\LIBEXEC\GCC\X86_64-W64-MINGW32\7.2.0;C:\PROGRAMDATA\ORACLE\JAVA\JAVAPATH;C:\WINDOWS\SYSTEM32;C:\WINDOWS;C:\WINDOWS\SYSTEM32\WBEM;C:\WINDOWS\SYSTEM32\WINDOWSPOWERSHELL\V1.0\;C:\PROGRAM FILES (X86)\GTKSHARP\2.12\BIN;C:\WINDOWS\SYSTEM32\OPENSSH\;C:\APACHE24\BIN;C:\TDM-GCC-64\BIN;E:\RASPBERRY\PUTTY\;E:\Git\cmd;E:\RemoveDrive\x64\;E:\FreeFileSync\;C:\WINDOWS\system32;C:\WINDOWS;C:\WINDOWS\System32\Wbem;C:\WINDOWS\System32\WindowsPowerShell\v1.0\;C:\WINDOWS\System32\OpenSSH\;E:\Inkscape\bin;C:\Program Files\dotnet\;C:\Program Files\Docker\Docker\resources\bin;C:\ProgramData\DockerDesktop\version-bin;E:\NVIDIA CUDA\toolkit\extras\CUPTI\lib64;E:\NVIDIA CUDA\toolkit\include;C:\Program Files (x86)\NVIDIA Corporation\PhysX\Common;E:\TortoiseGit\bin;E:\msys64\mingw64\bin;E:\msys64\mingw64\include;C:\Users\YArik\AppData\Local\Microsoft\WindowsApps;E:\Microsoft VS Code\bin;D:\CodeBlocks\MinGW\bin;C:\Users\YArik\.dotnet\tools;C:\Users\YArik\Desktop;
USERNAME=YArik
OS=Windows_NT
PROCESSOR_IDENTIFIER=Intel64 Family 6 Model 58 Stepping 9, GenuineIntel



---------------  S Y S T E M  ---------------

OS:
 Windows 10 , 64 bit Build 19041 (10.0.19041.1889)
OS uptime: 0 days 3:45 hours
HyperV virtualization detected

CPU: total 4 (initial active 4) (2 cores per cpu, 2 threads per core) family 6 model 58 stepping 9 microcode 0x21, cmov, cx8, fxsr, mmx, sse, sse2, sse3, ssse3, sse4.1, sse4.2, popcnt, vzeroupper, avx, clmul, erms, ht, tsc, tscinvbit, tscinv, clflush

Memory: 4k page, system-wide physical 8030M (1627M free)
TotalPageFile size 12126M (AvailPageFile size 72M)
current process WorkingSet (physical memory assigned to process): 10M, peak: 10M
current process commit charge ("private bytes"): 51M, peak: 177M

vm_info: OpenJDK 64-Bit Server VM (15.0.2+7-27) for windows-amd64 JRE (15.0.2+7-27), built on Dec  7 2020 20:02:38 by "mach5one" with unknown MS VC++:1925

END.
